<?xml version="1.0" encoding="UTF-8"?>
<!-- Generated by org.testng.reporters.JUnitReportReporter -->
<testsuite hostname="L-156273956" failures="0" tests="3" name="stepDefinition.TestScenario2" time="17.819" errors="0" timestamp="2022-08-30T21:56:23 IST" skipped="0">
  <testcase classname="stepDefinition.TestScenario2" name="the_user_launch_the_browser_and_url" time="9.633"/>
  <system-out/>
  <testcase classname="stepDefinition.TestScenario2" name="click_on_Drag_and_Drop" time="0.850"/>
  <system-out/>
  <testcase classname="stepDefinition.TestScenario2" name="Increase_the_Bar" time="7.336"/>
  <system-out/>
</testsuite> <!-- stepDefinition.TestScenario2 -->
