<?xml version="1.0" encoding="UTF-8"?>
<!-- Generated by org.testng.reporters.JUnitReportReporter -->
<testsuite hostname="L-156273956" failures="0" tests="2" name="stepDefinition.TestScenario3" time="8.555" errors="0" timestamp="2022-08-30T21:56:23 IST" skipped="0">
  <testcase classname="stepDefinition.TestScenario3" name="the_user_launch_the_browser_and_url" time="5.867"/>
  <system-out/>
  <testcase classname="stepDefinition.TestScenario3" name="Fill_the_Form" time="2.688"/>
  <system-out/>
</testsuite> <!-- stepDefinition.TestScenario3 -->
